<?xml version="1.0" encoding="UTF-8"?>
<!-- Generated by org.testng.reporters.JUnitXMLReporter -->
<testsuite hostname="Raviraj-PC" name="execution for m" tests="5" failures="0" timestamp="22 Jan 2020 06:20:54 GMT" time="0.186" errors="0">
  <testcase name="testcase3" time="0.043" classname="Ademo.Selectedtestcaseexecution"/>
  <testcase name="testcase4" time="0.004" classname="Ademo.Selectedtestcaseexecution"/>
  <testcase name="testcase5" time="0.004" classname="Ademo.Selectedtestcaseexecution"/>
  <testcase name="testcase1" time="0.004" classname="Ademo.Unseletedtestcases"/>
  <testcase name="testcase2" time="0.005" classname="Ademo.Unseletedtestcases"/>
</testsuite> <!-- execution for m -->
