<?xml version="1.0" encoding="UTF-8"?>
<testng-results skipped="0" failed="0" total="1" passed="1">
  <reporter-output>
  </reporter-output>
  <suite name="Default suite" duration-ms="28218" started-at="2020-01-24T17:59:25Z" finished-at="2020-01-24T17:59:53Z">
    <groups>
    </groups>
    <test name="Default test" duration-ms="28218" started-at="2020-01-24T17:59:25Z" finished-at="2020-01-24T17:59:53Z">
      <class name="Ademo.siblingsxpathdemo">
        <test-method status="PASS" signature="setup()[pri:0, instance:Ademo.siblingsxpathdemo@1565ec2]" name="setup" is-config="true" duration-ms="5633" started-at="2020-01-24T23:29:25Z" finished-at="2020-01-24T23:29:30Z">
          <reporter-output>
          </reporter-output>
        </test-method> <!-- setup -->
        <test-method status="PASS" signature="webtableslection()[pri:0, instance:Ademo.siblingsxpathdemo@1565ec2]" name="webtableslection" duration-ms="21496" started-at="2020-01-24T23:29:30Z" finished-at="2020-01-24T23:29:52Z">
          <reporter-output>
          </reporter-output>
        </test-method> <!-- webtableslection -->
        <test-method status="PASS" signature="teardown()[pri:0, instance:Ademo.siblingsxpathdemo@1565ec2]" name="teardown" is-config="true" duration-ms="1037" started-at="2020-01-24T23:29:52Z" finished-at="2020-01-24T23:29:53Z">
          <reporter-output>
          </reporter-output>
        </test-method> <!-- teardown -->
      </class> <!-- Ademo.siblingsxpathdemo -->
    </test> <!-- Default test -->
  </suite> <!-- Default suite -->
</testng-results>
